<?xml version="1.0" encoding="UTF-8"?>
<testng-results ignored="0" total="1" passed="1" failed="0" skipped="0">
  <reporter-output>
  </reporter-output>
  <suite started-at="2023-11-29T13:39:16 IST" name="Default suite" finished-at="2023-11-29T13:39:16 IST" duration-ms="66">
    <groups>
    </groups>
    <test started-at="2023-11-29T13:39:16 IST" name="Default test" finished-at="2023-11-29T13:39:16 IST" duration-ms="66">
      <class name="jenkin.nikTest">
        <test-method signature="pooja()[pri:0, instance:jenkin.nikTest@3cebbb30]" started-at="2023-11-29T13:39:16 IST" name="pooja" finished-at="2023-11-29T13:39:16 IST" duration-ms="10" status="PASS">
          <reporter-output>
          </reporter-output>
        </test-method> <!-- pooja -->
      </class> <!-- jenkin.nikTest -->
    </test> <!-- Default test -->
  </suite> <!-- Default suite -->
</testng-results>
