<?xml version="1.0" encoding="UTF-8"?>
<testng-results ignored="0" total="1" passed="1" failed="0" skipped="0">
  <reporter-output>
  </reporter-output>
  <suite started-at="2023-11-30T12:50:05 IST" name="Default suite" finished-at="2023-11-30T12:50:24 IST" duration-ms="18907">
    <groups>
    </groups>
    <test started-at="2023-11-30T12:50:05 IST" name="Default test" finished-at="2023-11-30T12:50:24 IST" duration-ms="18907">
      <class name="jenkin.SimpleTest">
        <test-method signature="simple()[pri:0, instance:jenkin.SimpleTest@72a7c7e0]" started-at="2023-11-30T12:50:05 IST" name="simple" finished-at="2023-11-30T12:50:24 IST" duration-ms="18886" status="PASS">
          <reporter-output>
          </reporter-output>
        </test-method> <!-- simple -->
      </class> <!-- jenkin.SimpleTest -->
    </test> <!-- Default test -->
  </suite> <!-- Default suite -->
</testng-results>
